<?xml version="1.0" encoding="UTF-8"?>
<!-- Generated by org.testng.reporters.JUnitXMLReporter -->
<testsuite ignored="0" hostname="LAPTOP-ATNFO35U" failures="1" tests="14" name="Test" time="109.575" errors="0" timestamp="2023-02-20T20:33:07 IST">
  <testcase classname="com.fb.test.LoginPageTest" name="@BeforeMethod setUp" time="21.441">
    <failure type="org.openqa.selenium.TimeoutException" message="timeout: Timed out receiving message from renderer: 19.008
  (Session info: chrome=110.0.5481.104)
Build info: version: &amp;apos;3.14.0&amp;apos;, revision: &amp;apos;aacccce0&amp;apos;, time: &amp;apos;2018-08-02T20:19:58.91Z&amp;apos;
System info: host: &amp;apos;LAPTOP-ATNFO35U&amp;apos;, ip: &amp;apos;192.168.1.5&amp;apos;, os.name: &amp;apos;Windows 11&amp;apos;, os.arch: &amp;apos;amd64&amp;apos;, os.version: &amp;apos;10.0&amp;apos;, java.version: &amp;apos;17.0.5&amp;apos;
Driver info: org.openqa.selenium.chrome.ChromeDriver
Capabilities {acceptInsecureCerts: false, browserName: chrome, browserVersion: 110.0.5481.104, chrome: {chromedriverVersion: 109.0.5414.74 (e7c5703604da..., userDataDir: C:\Users\devik\AppData\Loca...}, goog:chromeOptions: {debuggerAddress: localhost:59770}, javascriptEnabled: true, networkConnectionEnabled: false, pageLoadStrategy: normal, platform: WINDOWS, platformName: WINDOWS, proxy: Proxy(), setWindowRect: true, strictFileInteractability: false, timeouts: {implicit: 0, pageLoad: 300000, script: 30000}, unhandledPromptBehavior: dismiss and notify, webauthn:extension:credBlob: true, webauthn:extension:largeBlob: true, webauthn:virtualAuthenticators: true}
Session ID: 007557d6c51769b2041f8ff3d7a61469">
      <![CDATA[org.openqa.selenium.TimeoutException: timeout: Timed out receiving message from renderer: 19.008
  (Session info: chrome=110.0.5481.104)
Build info: version: '3.14.0', revision: 'aacccce0', time: '2018-08-02T20:19:58.91Z'
System info: host: 'LAPTOP-ATNFO35U', ip: '192.168.1.5', os.name: 'Windows 11', os.arch: 'amd64', os.version: '10.0', java.version: '17.0.5'
Driver info: org.openqa.selenium.chrome.ChromeDriver
Capabilities {acceptInsecureCerts: false, browserName: chrome, browserVersion: 110.0.5481.104, chrome: {chromedriverVersion: 109.0.5414.74 (e7c5703604da..., userDataDir: C:\Users\devik\AppData\Loca...}, goog:chromeOptions: {debuggerAddress: localhost:59770}, javascriptEnabled: true, networkConnectionEnabled: false, pageLoadStrategy: normal, platform: WINDOWS, platformName: WINDOWS, proxy: Proxy(), setWindowRect: true, strictFileInteractability: false, timeouts: {implicit: 0, pageLoad: 300000, script: 30000}, unhandledPromptBehavior: dismiss and notify, webauthn:extension:credBlob: true, webauthn:extension:largeBlob: true, webauthn:virtualAuthenticators: true}
Session ID: 007557d6c51769b2041f8ff3d7a61469
at org.openqa.selenium.remote.http.W3CHttpResponseCodec.createException(W3CHttpResponseCodec.java:187)
at org.openqa.selenium.remote.http.W3CHttpResponseCodec.decode(W3CHttpResponseCodec.java:122)
at org.openqa.selenium.remote.http.W3CHttpResponseCodec.decode(W3CHttpResponseCodec.java:49)
at org.openqa.selenium.remote.HttpCommandExecutor.execute(HttpCommandExecutor.java:158)
at org.openqa.selenium.remote.service.DriverCommandExecutor.execute(DriverCommandExecutor.java:83)
at org.openqa.selenium.remote.RemoteWebDriver.execute(RemoteWebDriver.java:548)
at org.openqa.selenium.remote.RemoteWebDriver.get(RemoteWebDriver.java:276)
at com.fb.base.Base.initialization(Base.java:51)
at com.fb.test.LoginPageTest.setUp(LoginPageTest.java:23)
at java.base/java.util.ArrayList.forEach(ArrayList.java:1511)
... Removed 36 stack frames]]>
    </failure>
  </testcase> <!-- @BeforeMethod setUp -->
  <testcase classname="com.fb.test.LoginPageTest" name="@AfterMethod closeBrowser" time="-1.676905387468E9">
    <skipped/>
  </testcase> <!-- @AfterMethod closeBrowser -->
  <testcase classname="com.fb.test.HomePageTest" name="verifyHomePageTitleTest" time="4.797">
    <failure type="java.lang.AssertionError" message="HomePageTitle not match expected [Facebook] but found [(2) Facebook]">
      <![CDATA[java.lang.AssertionError: HomePageTitle not match expected [Facebook] but found [(2) Facebook]
at com.fb.test.HomePageTest.verifyHomePageTitleTest(HomePageTest.java:38)
at java.base/java.util.ArrayList.forEach(ArrayList.java:1511)
... Removed 32 stack frames]]>
    </failure>
  </testcase> <!-- verifyHomePageTitleTest -->
  <testcase classname="com.fb.test.HomePageTest" name="verifyFriendsLinkTest" time="6.851"/>
  <testcase classname="com.fb.test.HomePageTest" name="verifyGroupsLinkTest" time="3.61"/>
  <testcase classname="com.fb.test.HomePageTest" name="verifyProfilePageTest" time="6.777"/>
  <testcase classname="com.fb.test.LoginPageDataTest" name="loginTest" time="0.232"/>
  <testcase classname="com.fb.test.LoginPageDataTest" name="multipleUsersLoginTest" time="0.28"/>
  <testcase classname="com.fb.test.LoginPageDataTest" name="multipleUsersLoginTest" time="0.365"/>
  <testcase classname="com.fb.test.LoginPageDataTest" name="multipleUsersLoginTest" time="0.493"/>
  <testcase classname="com.fb.test.LoginPageDataTest" name="multipleUsersLoginTest" time="0.432"/>
  <testcase classname="com.fb.listeners.ScreenShotTest" name="loginPageTitleTest" time="0.02"/>
  <testcase classname="com.fb.test.ProfilePageTest" name="verifyProfilePageTitleTest" time="0.198"/>
  <testcase classname="com.fb.test.ProfilePageTest" name="verifyAddStoryTest" time="3.799"/>
  <testcase classname="com.fb.test.LoginPageTest" name="loginPageTitleTest" time="0.029"/>
  <testcase classname="com.fb.test.LoginPageTest" name="loginTest" time="0.0">
    <skipped/>
  </testcase> <!-- loginTest -->
</testsuite> <!-- Test -->
